[    37.335] (--) Log file renamed from "/home/ashok/.local/share/xorg/Xorg.pid-1566.log" to "/home/ashok/.local/share/xorg/Xorg.0.log"
[    37.339] 
X.Org X Server 1.20.13
X Protocol Version 11, Revision 0
[    37.339] Build Operating System: linux Ubuntu
[    37.339] Current Operating System: Linux ubuntu 5.15.0-84-generic #93~20.04.1-Ubuntu SMP Wed Sep 6 16:15:40 UTC 2023 x86_64
[    37.339] Kernel command line: BOOT_IMAGE=/boot/vmlinuz-5.15.0-84-generic root=UUID=2b8a4f80-a865-42c7-8bff-6b0b7e523cd1 ro find_preseed=/preseed.cfg auto noprompt priority=critical locale=en_US quiet
[    37.339] Build Date: 29 March 2023  12:53:02PM
[    37.339] xorg-server 2:1.20.13-1ubuntu1~20.04.8 (For technical support please see http://www.ubuntu.com/support) 
[    37.339] Current version of pixman: 0.38.4
[    37.339] 	Before reporting problems, check http://wiki.x.org
	to make sure that you have the latest version.
[    37.339] Markers: (--) probed, (**) from config file, (==) default setting,
	(++) from command line, (!!) notice, (II) informational,
	(WW) warning, (EE) error, (NI) not implemented, (??) unknown.
[    37.339] (==) Log file: "/home/ashok/.local/share/xorg/Xorg.0.log", Time: Mon Oct  2 19:50:38 2023
[    37.341] (==) Using system config directory "/usr/share/X11/xorg.conf.d"
[    37.346] (==) No Layout section.  Using the first Screen section.
[    37.346] (==) No screen section available. Using defaults.
[    37.346] (**) |-->Screen "Default Screen Section" (0)
[    37.346] (**) |   |-->Monitor "<default monitor>"
[    37.349] (==) No monitor specified for screen "Default Screen Section".
	Using a default monitor configuration.
[    37.349] (==) Automatically adding devices
[    37.349] (==) Automatically enabling devices
[    37.349] (==) Automatically adding GPU devices
[    37.349] (==) Automatically binding GPU devices
[    37.349] (==) Max clients allowed: 256, resource mask: 0x1fffff
[    37.349] (WW) The directory "/usr/share/fonts/X11/cyrillic" does not exist.
[    37.349] 	Entry deleted from font path.
[    37.349] (WW) The directory "/usr/share/fonts/X11/100dpi/" does not exist.
[    37.349] 	Entry deleted from font path.
[    37.349] (WW) The directory "/usr/share/fonts/X11/75dpi/" does not exist.
[    37.349] 	Entry deleted from font path.
[    37.349] (WW) The directory "/usr/share/fonts/X11/100dpi" does not exist.
[    37.349] 	Entry deleted from font path.
[    37.349] (WW) The directory "/usr/share/fonts/X11/75dpi" does not exist.
[    37.349] 	Entry deleted from font path.
[    37.349] (==) FontPath set to:
	/usr/share/fonts/X11/misc,
	/usr/share/fonts/X11/Type1,
	built-ins
[    37.349] (==) ModulePath set to "/usr/lib/xorg/modules"
[    37.349] (II) The server relies on udev to provide the list of input devices.
	If no devices become available, reconfigure udev or disable AutoAddDevices.
[    37.349] (II) Loader magic: 0x55c00a953020
[    37.349] (II) Module ABI versions:
[    37.349] 	X.Org ANSI C Emulation: 0.4
[    37.349] 	X.Org Video Driver: 24.1
[    37.349] 	X.Org XInput driver : 24.1
[    37.349] 	X.Org Server Extension : 10.0
[    37.351] (++) using VT number 2

[    37.356] (II) systemd-logind: took control of session /org/freedesktop/login1/session/_32
[    37.358] (II) xfree86: Adding drm device (/dev/dri/card0)
[    37.359] (II) systemd-logind: got fd for /dev/dri/card0 226:0 fd 12 paused 0
[    37.368] (--) PCI:*(0@0:15:0) 15ad:0405:15ad:0405 rev 0, Mem @ 0xe8000000/134217728, 0xfe000000/8388608, I/O @ 0x00001070/16, BIOS @ 0x????????/131072
[    37.369] (II) LoadModule: "glx"
[    37.372] (II) Loading /usr/lib/xorg/modules/extensions/libglx.so
[    37.383] (II) Module glx: vendor="X.Org Foundation"
[    37.383] 	compiled for 1.20.13, module version = 1.0.0
[    37.383] 	ABI class: X.Org Server Extension, version 10.0
[    37.383] (==) Matched vmware as autoconfigured driver 0
[    37.383] (==) Matched modesetting as autoconfigured driver 1
[    37.383] (==) Matched fbdev as autoconfigured driver 2
[    37.383] (==) Matched vesa as autoconfigured driver 3
[    37.383] (==) Assigned the driver to the xf86ConfigLayout
[    37.383] (II) LoadModule: "vmware"
[    37.385] (II) Loading /usr/lib/xorg/modules/drivers/vmware_drv.so
[    37.635] (II) Module vmware: vendor="X.Org Foundation"
[    37.635] 	compiled for 1.20.8, module version = 13.3.0
[    37.635] 	Module class: X.Org Video Driver
[    37.635] 	ABI class: X.Org Video Driver, version 24.1
[    37.635] (II) LoadModule: "modesetting"
[    37.635] (II) Loading /usr/lib/xorg/modules/drivers/modesetting_drv.so
[    37.639] (II) Module modesetting: vendor="X.Org Foundation"
[    37.639] 	compiled for 1.20.13, module version = 1.20.13
[    37.639] 	Module class: X.Org Video Driver
[    37.639] 	ABI class: X.Org Video Driver, version 24.1
[    37.639] (II) LoadModule: "fbdev"
[    37.639] (II) Loading /usr/lib/xorg/modules/drivers/fbdev_drv.so
[    37.650] (II) Module fbdev: vendor="X.Org Foundation"
[    37.650] 	compiled for 1.20.1, module version = 0.5.0
[    37.650] 	Module class: X.Org Video Driver
[    37.650] 	ABI class: X.Org Video Driver, version 24.0
[    37.650] (II) LoadModule: "vesa"
[    37.651] (II) Loading /usr/lib/xorg/modules/drivers/vesa_drv.so
[    37.654] (II) Module vesa: vendor="X.Org Foundation"
[    37.654] 	compiled for 1.20.4, module version = 2.4.0
[    37.654] 	Module class: X.Org Video Driver
[    37.654] 	ABI class: X.Org Video Driver, version 24.0
[    37.654] (II) vmware: driver for VMware SVGA: vmware0405, vmware0710
[    37.654] (II) modesetting: Driver for Modesetting Kernel Drivers: kms
[    37.654] (II) FBDEV: driver for framebuffer: fbdev
[    37.654] (II) VESA: driver for VESA chipsets: vesa
[    37.654] xf86EnableIOPorts: failed to set IOPL for I/O (Operation not permitted)
[    37.654] (WW) Falling back to old probe method for modesetting
[    37.654] (WW) Falling back to old probe method for fbdev
[    37.654] (II) Loading sub module "fbdevhw"
[    37.654] (II) LoadModule: "fbdevhw"
[    37.655] (II) Loading /usr/lib/xorg/modules/libfbdevhw.so
[    37.657] (II) Module fbdevhw: vendor="X.Org Foundation"
[    37.657] 	compiled for 1.20.13, module version = 0.0.2
[    37.657] 	ABI class: X.Org Video Driver, version 24.1
[    37.657] (EE) open /dev/fb0: Permission denied
[    37.657] (WW) VGA arbiter: cannot open kernel arbiter, no multi-card support
[    37.658] (II) vmware(0): Creating default Display subsection in Screen section
	"Default Screen Section" for depth/fbbpp 24/32
[    37.658] (--) vmware(0): DRM driver version is 2.19.0
[    37.658] (==) vmware(0): Depth 24, (--) framebuffer bpp 32
[    37.658] (==) vmware(0): RGB weight 888
[    37.658] (==) vmware(0): Default visual is TrueColor
[    37.658] (--) vmware(0): Min width 1, Max Width 16384.
[    37.658] (--) vmware(0): Min height 1, Max Height 16384.
[    37.659] (II) vmware(0): Output Virtual1 has no monitor section
[    37.660] (II) vmware(0): Output Virtual2 has no monitor section
[    37.660] (II) vmware(0): Output Virtual3 has no monitor section
[    37.660] (II) vmware(0): Output Virtual4 has no monitor section
[    37.660] (II) vmware(0): Output Virtual5 has no monitor section
[    37.660] (II) vmware(0): Output Virtual6 has no monitor section
[    37.660] (II) vmware(0): Output Virtual7 has no monitor section
[    37.660] (II) vmware(0): Output Virtual8 has no monitor section
[    37.660] (II) vmware(0): Printing probed modes for output Virtual1
[    37.660] (II) vmware(0): Modeline "800x600"x60.0   42.75  800 850 900 950  600 650 700 750 -hsync +vsync (45.0 kHz eP)
[    37.660] (II) vmware(0): Modeline "3840x2400"x60.0  592.25  3840 3888 3920 4000  2400 2403 2409 2469 +hsync -vsync (148.1 kHz e)
[    37.660] (II) vmware(0): Modeline "3840x2160"x60.0  533.00  3840 3888 3920 4000  2160 2163 2168 2222 +hsync -vsync (133.2 kHz e)
[    37.660] (II) vmware(0): Modeline "2880x1800"x59.9  337.50  2880 2928 2960 3040  1800 1803 1809 1852 +hsync -vsync (111.0 kHz e)
[    37.660] (II) vmware(0): Modeline "2560x1600"x60.0  348.50  2560 2752 3032 3504  1600 1603 1609 1658 -hsync +vsync (99.5 kHz e)
[    37.660] (II) vmware(0): Modeline "2560x1440"x60.0  241.50  2560 2608 2640 2720  1440 1443 1448 1481 +hsync -vsync (88.8 kHz e)
[    37.660] (II) vmware(0): Modeline "1920x1440"x60.0  234.00  1920 2048 2256 2600  1440 1441 1444 1500 -hsync +vsync (90.0 kHz e)
[    37.660] (II) vmware(0): Modeline "1856x1392"x60.0  218.25  1856 1952 2176 2528  1392 1393 1396 1439 -hsync +vsync (86.3 kHz e)
[    37.660] (II) vmware(0): Modeline "1792x1344"x60.0  204.75  1792 1920 2120 2448  1344 1345 1348 1394 -hsync +vsync (83.6 kHz e)
[    37.660] (II) vmware(0): Modeline "1920x1200"x59.9  193.25  1920 2056 2256 2592  1200 1203 1209 1245 -hsync +vsync (74.6 kHz e)
[    37.660] (II) vmware(0): Modeline "1920x1080"x60.0  173.00  1920 2048 2248 2576  1080 1083 1088 1120 -hsync +vsync (67.2 kHz e)
[    37.660] (II) vmware(0): Modeline "1600x1200"x60.0  162.00  1600 1664 1856 2160  1200 1201 1204 1250 +hsync +vsync (75.0 kHz e)
[    37.660] (II) vmware(0): Modeline "1680x1050"x60.0  146.25  1680 1784 1960 2240  1050 1053 1059 1089 -hsync +vsync (65.3 kHz e)
[    37.660] (II) vmware(0): Modeline "1400x1050"x60.0  121.75  1400 1488 1632 1864  1050 1053 1057 1089 -hsync +vsync (65.3 kHz e)
[    37.660] (II) vmware(0): Modeline "1280x1024"x60.0  108.00  1280 1328 1440 1688  1024 1025 1028 1066 +hsync +vsync (64.0 kHz e)
[    37.660] (II) vmware(0): Modeline "1440x900"x59.9  106.50  1440 1520 1672 1904  900 903 909 934 -hsync +vsync (55.9 kHz e)
[    37.660] (II) vmware(0): Modeline "1280x960"x60.0  108.00  1280 1376 1488 1800  960 961 964 1000 +hsync +vsync (60.0 kHz e)
[    37.660] (II) vmware(0): Modeline "1360x768"x60.0   85.50  1360 1424 1536 1792  768 771 777 795 +hsync +vsync (47.7 kHz e)
[    37.660] (II) vmware(0): Modeline "1280x800"x59.8   83.50  1280 1352 1480 1680  800 803 809 831 +hsync -vsync (49.7 kHz e)
[    37.660] (II) vmware(0): Modeline "1152x864"x75.0  108.00  1152 1216 1344 1600  864 865 868 900 +hsync +vsync (67.5 kHz e)
[    37.660] (II) vmware(0): Modeline "1280x768"x59.9   79.50  1280 1344 1472 1664  768 771 778 798 -hsync +vsync (47.8 kHz e)
[    37.660] (II) vmware(0): Modeline "1280x720"x59.9   74.50  1280 1344 1472 1664  720 723 728 748 -hsync +vsync (44.8 kHz e)
[    37.660] (II) vmware(0): Modeline "1024x768"x60.0   65.00  1024 1048 1184 1344  768 771 777 806 -hsync -vsync (48.4 kHz e)
[    37.660] (II) vmware(0): Modeline "800x600"x60.3   40.00  800 840 968 1056  600 601 605 628 +hsync +vsync (37.9 kHz e)
[    37.660] (II) vmware(0): Modeline "640x480"x59.9   25.18  640 656 752 800  480 489 492 525 -hsync -vsync (31.5 kHz e)
[    37.660] (II) vmware(0): EDID for output Virtual2
[    37.660] (II) vmware(0): EDID for output Virtual3
[    37.661] (II) vmware(0): EDID for output Virtual4
[    37.661] (II) vmware(0): EDID for output Virtual5
[    37.661] (II) vmware(0): EDID for output Virtual6
[    37.661] (II) vmware(0): EDID for output Virtual7
[    37.661] (II) vmware(0): EDID for output Virtual8
[    37.661] (II) vmware(0): Output Virtual1 connected
[    37.661] (II) vmware(0): Output Virtual2 disconnected
[    37.661] (II) vmware(0): Output Virtual3 disconnected
[    37.661] (II) vmware(0): Output Virtual4 disconnected
[    37.661] (II) vmware(0): Output Virtual5 disconnected
[    37.661] (II) vmware(0): Output Virtual6 disconnected
[    37.661] (II) vmware(0): Output Virtual7 disconnected
[    37.661] (II) vmware(0): Output Virtual8 disconnected
[    37.661] (II) vmware(0): Using exact sizes for initial modes
[    37.661] (II) vmware(0): Output Virtual1 using initial mode 800x600 +0+0
[    37.661] (==) vmware(0): DPI set to (96, 96)
[    37.661] (==) vmware(0): Using gamma correction (1.0, 1.0, 1.0)
[    37.661] (II) Loading sub module "fb"
[    37.661] (II) LoadModule: "fb"
[    37.661] (II) Loading /usr/lib/xorg/modules/libfb.so
[    37.666] (II) Module fb: vendor="X.Org Foundation"
[    37.666] 	compiled for 1.20.13, module version = 1.0.0
[    37.666] 	ABI class: X.Org ANSI C Emulation, version 0.4
[    37.666] (II) Loading sub module "dri2"
[    37.666] (II) LoadModule: "dri2"
[    37.666] (II) Module "dri2" already built-in
[    37.666] (II) Loading sub module "dri3"
[    37.666] (II) LoadModule: "dri3"
[    37.666] (II) Module "dri3" already built-in
[    37.666] (II) UnloadModule: "modesetting"
[    37.666] (II) Unloading modesetting
[    37.666] (II) UnloadModule: "fbdev"
[    37.666] (II) Unloading fbdev
[    37.666] (II) UnloadSubModule: "fbdevhw"
[    37.666] (II) Unloading fbdevhw
[    37.666] (II) UnloadModule: "vesa"
[    37.666] (II) Unloading vesa
[    37.671] (II) vmware(0): Initialized VMWARE_CTRL extension version 0.2
[    37.719] (II) vmware(0): Gallium3D XA version: 2.5.0.
[    37.719] (II) vmware(0): Path of drm device is "/dev/dri/card0".
[    37.719] (II) vmware(0): [DRI2] Setup complete
[    37.719] (II) vmware(0): [DRI2]   DRI driver: vmwgfx
[    38.179] (--) vmware(0): Render acceleration is enabled.
[    38.179] (==) vmware(0): Rendercheck mode is disabled.
[    38.179] (--) vmware(0): Direct rendering (DRI2 3D) is enabled.
[    38.179] (--) vmware(0): Direct rendering (DRI3 3D) is enabled.
[    38.179] (==) vmware(0): Direct presents are disabled.
[    38.179] (==) vmware(0): Hardware only presents are automatic per scanout.
[    38.179] (==) vmware(0): Backing store enabled
[    38.179] (==) vmware(0): Silken mouse enabled
[    38.192] (==) vmware(0): DPMS enabled
[    38.192] (II) Initializing extension Generic Event Extension
[    38.192] (II) Initializing extension SHAPE
[    38.192] (II) Initializing extension MIT-SHM
[    38.193] (II) Initializing extension XInputExtension
[    38.194] (II) Initializing extension XTEST
[    38.195] (II) Initializing extension BIG-REQUESTS
[    38.196] (II) Initializing extension SYNC
[    38.196] (II) Initializing extension XKEYBOARD
[    38.196] (II) Initializing extension XC-MISC
[    38.196] (II) Initializing extension SECURITY
[    38.196] (II) Initializing extension XFIXES
[    38.196] (II) Initializing extension RENDER
[    38.196] (II) Initializing extension RANDR
[    38.197] (II) Initializing extension COMPOSITE
[    38.197] (II) Initializing extension DAMAGE
[    38.197] (II) Initializing extension MIT-SCREEN-SAVER
[    38.197] (II) Initializing extension DOUBLE-BUFFER
[    38.197] (II) Initializing extension RECORD
[    38.197] (II) Initializing extension DPMS
[    38.197] (II) Initializing extension Present
[    38.197] (II) Initializing extension DRI3
[    38.197] (II) Initializing extension X-Resource
[    38.197] (II) Initializing extension XVideo
[    38.197] (II) Initializing extension XVideo-MotionCompensation
[    38.197] (II) Initializing extension SELinux
[    38.197] (II) SELinux: Disabled on system
[    38.197] (II) Initializing extension GLX
[    38.219] (II) AIGLX: Loaded and initialized vmwgfx
[    38.219] (II) GLX: Initialized DRI2 GL provider for screen 0
[    38.219] (II) Initializing extension XFree86-VidModeExtension
[    38.219] (II) Initializing extension XFree86-DGA
[    38.219] (II) Initializing extension XFree86-DRI
[    38.219] (II) Initializing extension DRI2
[    38.243] (II) vmware(0): Setting screen physical size to 211 x 158
[    38.333] (II) config/udev: Adding input device Power Button (/dev/input/event0)
[    38.333] (**) Power Button: Applying InputClass "libinput keyboard catchall"
[    38.333] (II) LoadModule: "libinput"
[    38.333] (II) Loading /usr/lib/xorg/modules/input/libinput_drv.so
[    38.342] (II) Module libinput: vendor="X.Org Foundation"
[    38.342] 	compiled for 1.20.4, module version = 0.29.0
[    38.342] 	Module class: X.Org XInput Driver
[    38.342] 	ABI class: X.Org XInput driver, version 24.1
[    38.342] (II) Using input driver 'libinput' for 'Power Button'
[    38.343] (II) systemd-logind: got fd for /dev/input/event0 13:64 fd 24 paused 0
[    38.343] (**) Power Button: always reports core events
[    38.343] (**) Option "Device" "/dev/input/event0"
[    38.343] (**) Option "_source" "server/udev"
[    38.347] (II) event0  - Power Button: is tagged by udev as: Keyboard
[    38.347] (II) event0  - Power Button: device is a keyboard
[    38.347] (II) event0  - Power Button: device removed
[    38.347] (**) Option "config_info" "udev:/sys/devices/LNXSYSTM:00/LNXPWRBN:00/input/input0/event0"
[    38.347] (II) XINPUT: Adding extended input device "Power Button" (type: KEYBOARD, id 6)
[    38.347] (**) Option "xkb_model" "SKIP"
[    38.347] (**) Option "xkb_layout" "us"
[    38.395] (II) event0  - Power Button: is tagged by udev as: Keyboard
[    38.395] (II) event0  - Power Button: device is a keyboard
[    38.397] (II) config/udev: Adding input device VMware VMware Virtual USB Mouse (/dev/input/event4)
[    38.397] (**) VMware VMware Virtual USB Mouse: Applying InputClass "libinput pointer catchall"
[    38.397] (II) Using input driver 'libinput' for 'VMware VMware Virtual USB Mouse'
[    38.457] (II) systemd-logind: got fd for /dev/input/event4 13:68 fd 27 paused 0
[    38.457] (**) VMware VMware Virtual USB Mouse: always reports core events
[    38.457] (**) Option "Device" "/dev/input/event4"
[    38.457] (**) Option "_source" "server/udev"
[    38.459] (II) event4  - VMware VMware Virtual USB Mouse: is tagged by udev as: Mouse
[    38.459] (II) event4  - VMware VMware Virtual USB Mouse: device is a pointer
[    38.459] (II) event4  - VMware VMware Virtual USB Mouse: device removed
[    38.459] (**) Option "config_info" "udev:/sys/devices/pci0000:00/0000:00:11.0/0000:02:00.0/usb2/2-1/2-1:1.0/0003:0E0F:0003.0001/input/input5/event4"
[    38.459] (II) XINPUT: Adding extended input device "VMware VMware Virtual USB Mouse" (type: MOUSE, id 7)
[    38.459] (**) Option "AccelerationScheme" "none"
[    38.459] (**) VMware VMware Virtual USB Mouse: (accel) selected scheme none/0
[    38.459] (**) VMware VMware Virtual USB Mouse: (accel) acceleration factor: 2.000
[    38.459] (**) VMware VMware Virtual USB Mouse: (accel) acceleration threshold: 4
[    38.461] (II) event4  - VMware VMware Virtual USB Mouse: is tagged by udev as: Mouse
[    38.461] (II) event4  - VMware VMware Virtual USB Mouse: device is a pointer
[    38.462] (II) config/udev: Adding input device VMware VMware Virtual USB Mouse (/dev/input/mouse2)
[    38.462] (II) No input driver specified, ignoring this device.
[    38.462] (II) This device may have been added with another device file.
[    38.463] (II) config/udev: Adding input device AT Translated Set 2 keyboard (/dev/input/event1)
[    38.463] (**) AT Translated Set 2 keyboard: Applying InputClass "libinput keyboard catchall"
[    38.463] (II) Using input driver 'libinput' for 'AT Translated Set 2 keyboard'
[    38.465] (II) systemd-logind: got fd for /dev/input/event1 13:65 fd 28 paused 0
[    38.465] (**) AT Translated Set 2 keyboard: always reports core events
[    38.465] (**) Option "Device" "/dev/input/event1"
[    38.465] (**) Option "_source" "server/udev"
[    38.466] (II) event1  - AT Translated Set 2 keyboard: is tagged by udev as: Keyboard
[    38.466] (II) event1  - AT Translated Set 2 keyboard: device is a keyboard
[    38.466] (II) event1  - AT Translated Set 2 keyboard: device removed
[    38.466] (**) Option "config_info" "udev:/sys/devices/platform/i8042/serio0/input/input1/event1"
[    38.466] (II) XINPUT: Adding extended input device "AT Translated Set 2 keyboard" (type: KEYBOARD, id 8)
[    38.466] (**) Option "xkb_model" "SKIP"
[    38.466] (**) Option "xkb_layout" "us"
[    38.467] (II) event1  - AT Translated Set 2 keyboard: is tagged by udev as: Keyboard
[    38.467] (II) event1  - AT Translated Set 2 keyboard: device is a keyboard
[    38.468] (II) config/udev: Adding input device VirtualPS/2 VMware VMMouse (/dev/input/event3)
[    38.468] (**) VirtualPS/2 VMware VMMouse: Applying InputClass "libinput pointer catchall"
[    38.468] (II) Using input driver 'libinput' for 'VirtualPS/2 VMware VMMouse'
[    38.469] (II) systemd-logind: got fd for /dev/input/event3 13:67 fd 29 paused 0
[    38.470] (**) VirtualPS/2 VMware VMMouse: always reports core events
[    38.470] (**) Option "Device" "/dev/input/event3"
[    38.470] (**) Option "_source" "server/udev"
[    38.470] (II) event3  - VirtualPS/2 VMware VMMouse: is tagged by udev as: Mouse
[    38.471] (II) event3  - VirtualPS/2 VMware VMMouse: device is a pointer
[    38.471] (II) event3  - VirtualPS/2 VMware VMMouse: device removed
[    38.471] (**) Option "config_info" "udev:/sys/devices/platform/i8042/serio1/input/input3/event3"
[    38.471] (II) XINPUT: Adding extended input device "VirtualPS/2 VMware VMMouse" (type: MOUSE, id 9)
[    38.471] (**) Option "AccelerationScheme" "none"
[    38.471] (**) VirtualPS/2 VMware VMMouse: (accel) selected scheme none/0
[    38.471] (**) VirtualPS/2 VMware VMMouse: (accel) acceleration factor: 2.000
[    38.471] (**) VirtualPS/2 VMware VMMouse: (accel) acceleration threshold: 4
[    38.472] (II) event3  - VirtualPS/2 VMware VMMouse: is tagged by udev as: Mouse
[    38.472] (II) event3  - VirtualPS/2 VMware VMMouse: device is a pointer
[    38.473] (II) config/udev: Adding input device VirtualPS/2 VMware VMMouse (/dev/input/mouse1)
[    38.473] (II) No input driver specified, ignoring this device.
[    38.473] (II) This device may have been added with another device file.
[    38.473] (II) config/udev: Adding input device VirtualPS/2 VMware VMMouse (/dev/input/event2)
[    38.473] (**) VirtualPS/2 VMware VMMouse: Applying InputClass "libinput pointer catchall"
[    38.473] (II) Using input driver 'libinput' for 'VirtualPS/2 VMware VMMouse'
[    38.475] (II) systemd-logind: got fd for /dev/input/event2 13:66 fd 30 paused 0
[    38.475] (**) VirtualPS/2 VMware VMMouse: always reports core events
[    38.475] (**) Option "Device" "/dev/input/event2"
[    38.475] (**) Option "_source" "server/udev"
[    38.475] (II) event2  - VirtualPS/2 VMware VMMouse: is tagged by udev as: Mouse
[    38.476] (II) event2  - VirtualPS/2 VMware VMMouse: device is a pointer
[    38.476] (II) event2  - VirtualPS/2 VMware VMMouse: device removed
[    38.476] (**) Option "config_info" "udev:/sys/devices/platform/i8042/serio1/input/input4/event2"
[    38.476] (II) XINPUT: Adding extended input device "VirtualPS/2 VMware VMMouse" (type: MOUSE, id 10)
[    38.476] (**) Option "AccelerationScheme" "none"
[    38.476] (**) VirtualPS/2 VMware VMMouse: (accel) selected scheme none/0
[    38.476] (**) VirtualPS/2 VMware VMMouse: (accel) acceleration factor: 2.000
[    38.476] (**) VirtualPS/2 VMware VMMouse: (accel) acceleration threshold: 4
[    38.477] (II) event2  - VirtualPS/2 VMware VMMouse: is tagged by udev as: Mouse
[    38.478] (II) event2  - VirtualPS/2 VMware VMMouse: device is a pointer
[    38.478] (II) config/udev: Adding input device VirtualPS/2 VMware VMMouse (/dev/input/mouse0)
[    38.478] (II) No input driver specified, ignoring this device.
[    38.478] (II) This device may have been added with another device file.
[    40.605] (!!) vmware(0): New layout.
[    40.605] (!!) vmware(0): 0: 0 0 1920 947
[    40.605] (!!) vmware(0): 
[ 11166.277] (!!) vmware(0): New layout.
[ 11166.281] (!!) vmware(0): 0: 0 0 800 600
[ 11166.281] (!!) vmware(0): 
[ 11169.592] (!!) vmware(0): New layout.
[ 11169.592] (!!) vmware(0): 0: 0 0 1920 947
[ 11169.592] (!!) vmware(0): 
[ 11173.699] (!!) vmware(0): New layout.
[ 11173.699] (!!) vmware(0): 0: 0 0 800 600
[ 11173.699] (!!) vmware(0): 
[ 11176.116] (!!) vmware(0): New layout.
[ 11176.117] (!!) vmware(0): 0: 0 0 1920 947
[ 11176.117] (!!) vmware(0): 
